<?xml version="1.0" encoding="UTF-8"?>
<testsuite name="TestSuite" time="7.083" tests="1" errors="0" skipped="0" failures="0">
  <properties>
    <property name="PROCESSOR_ARCHITECTURE" value="x86"/>
    <property name="file.encoding.pkg" value="sun.io"/>
    <property name="LOGONSERVER" value="\\LAPTOP-KJKD9H95"/>
    <property name="ProgramData" value="C:\ProgramData"/>
    <property name="java.home" value="C:\Program Files (x86)\Java\jre1.8.0_321"/>
    <property name="NODE_NAME" value="built-in"/>
    <property name="JENKINS_URL" value="http://localhost:9191/"/>
    <property name="ALLUSERSPROFILE" value="C:\ProgramData"/>
    <property name="java.endorsed.dirs" value="C:\Program Files (x86)\Java\jre1.8.0_321\lib\endorsed"/>
    <property name="PSModulePath" value="C:\Program Files\WindowsPowerShell\Modules;C:\Windows\system32\WindowsPowerShell\v1.0\Modules"/>
    <property name="=::" value="::\"/>
    <property name="USERDOMAIN" value="LAPTOP-KJKD9H95"/>
    <property name="sun.os.patch.level" value=""/>
    <property name="java.vendor.url" value="http://java.oracle.com/"/>
    <property name="CommonProgramFiles(x86)" value="C:\Program Files (x86)\Common Files"/>
    <property name="java.version" value="1.8.0_321"/>
    <property name="JOB_NAME" value="dropdown"/>
    <property name="COMPUTERNAME" value="LAPTOP-KJKD9H95"/>
    <property name="ANDROID_HOME" value="C:\Users\Bestha Srihari\AppData\Local\Android\Sdk"/>
    <property name="java.vendor.url.bug" value="http://bugreport.sun.com/bugreport/"/>
    <property name="PUBLIC" value="C:\Users\Public"/>
    <property name="user.name" value="Bestha Srihari"/>
    <property name="sun.io.unicode.encoding" value="UnicodeLittle"/>
    <property name="sun.jnu.encoding" value="Cp1252"/>
    <property name="java.runtime.name" value="Java(TM) SE Runtime Environment"/>
    <property name="windir" value="C:\Windows"/>
    <property name="PROCESSOR_IDENTIFIER" value="Intel64 Family 6 Model 158 Stepping 10, GenuineIntel"/>
    <property name="java.specification.name" value="Java Platform API Specification"/>
    <property name="LOCALAPPDATA" value="C:\Users\Bestha Srihari\AppData\Local"/>
    <property name="RUN_CHANGES_DISPLAY_URL" value="http://localhost:9191/job/dropdown/6/display/redirect?page=changes"/>
    <property name="user.timezone" value="Asia/Calcutta"/>
    <property name="PROCESSOR_ARCHITEW6432" value="AMD64"/>
    <property name="user.script" value=""/>
    <property name="path.separator" value=";"/>
    <property name="NUMBER_OF_PROCESSORS" value="8"/>
    <property name="BUILD_TAG" value="jenkins-dropdown-6"/>
    <property name="file.encoding" value="Cp1252"/>
    <property name="sun.java.command" value="jenkins.maven3.agent.Maven35Main C:\Users\Bestha Srihari\.jenkins\tools\hudson.tasks.Maven_MavenInstallation\mavenprojectmarch31 C:\Users\Bestha Srihari\.jenkins\war\WEB-INF\lib\remoting-4.12.jar C:\Users\Bestha Srihari\.jenkins\plugins\maven-plugin\WEB-INF\lib\maven35-interceptor-1.13.jar C:\Users\Bestha Srihari\.jenkins\plugins\maven-plugin\WEB-INF\lib\maven3-interceptor-commons-1.13.jar 51625"/>
    <property name="HUDSON_URL" value="http://localhost:9191/"/>
    <property name="JENKINS_SERVER_COOKIE" value="b5bafefe62083ed8"/>
    <property name="EXECUTOR_NUMBER" value="1"/>
    <property name="Path" value="C:\Program Files (x86)\Common Files\Oracle\Java\javapath;C:\ProgramData\Oracle\Java\javapath;C:\windows\system32;C:\windows;C:\windows\System32\Wbem;C:\windows\System32\WindowsPowerShell\v1.0\;C:\windows\System32\OpenSSH\;C:\Program Files (x86)\NVIDIA Corporation\PhysX\Common;C:\Program Files\NVIDIA Corporation\NVIDIA NvDLISR;C:\Windows\system32;C:\Windows;C:\Windows\System32\Wbem;C:\Windows\System32\WindowsPowerShell\v1.0\;C:\Windows\System32\OpenSSH\;C:\Program Files\nodejs\;C:\Users\Bestha Srihari\AppData\Local\Android\Sdk\platform-tools;C:\Users\Bestha Srihari\AppData\Local\Android\Sdk\tools;C:\Users\Bestha Srihari\AppData\Local\Android\Sdk\tools\bin;%JAVA_HOME%\bin;C:\Program Files\apache-maven-3.8.5\bin;C:\Users\Bestha Srihari\AppData\Local\Microsoft\WindowsApps;C:\Users\Bestha Srihari\AppData\Local\Programs\Microsoft VS Code\bin;C:\Users\Bestha Srihari\AppData\Roaming\npm;C:\Users\Bestha Srihari\AppData\Local\Android\Sdk\platform-tools;C:\Users\Bestha Srihari\AppData\Local\GitHubDesktop\bin;C:\Users\Bestha Srihari\AppData\Local\Programs\Git\cmd"/>
    <property name="java.io.tmpdir" value="C:\Users\BESTHA~1\AppData\Local\Temp\"/>
    <property name="APPDATA" value="C:\Users\Bestha Srihari\AppData\Roaming"/>
    <property name="user.language" value="en"/>
    <property name="line.separator" value="&#10;"/>
    <property name="BUILD_URL" value="http://localhost:9191/job/dropdown/6/"/>
    <property name="M2_HOME" value="C:\Users\Bestha Srihari\.jenkins\tools\hudson.tasks.Maven_MavenInstallation\mavenprojectmarch31"/>
    <property name="=C:" value="C:\jenkins"/>
    <property name="java.vm.info" value="mixed mode, sharing"/>
    <property name="DriverData" value="C:\Windows\System32\Drivers\DriverData"/>
    <property name="sun.desktop" value="windows"/>
    <property name="java.vm.specification.name" value="Java Virtual Machine Specification"/>
    <property name="CI" value="true"/>
    <property name="BUILD_DISPLAY_NAME" value="#6"/>
    <property name="OS" value="Windows_NT"/>
    <property name="guice.disable.misplaced.annotation.check" value="true"/>
    <property name="HUDSON_SERVER_COOKIE" value="b5bafefe62083ed8"/>
    <property name="WORKSPACE_TMP" value="C:\Users\Bestha Srihari\eclipse-workspace\com.jquery.project@tmp"/>
    <property name="MAVEN_HOME" value="C:\Users\Bestha Srihari\.jenkins\tools\hudson.tasks.Maven_MavenInstallation\mavenprojectmarch31"/>
    <property name="SESSIONNAME" value="Console"/>
    <property name="PATHEXT" value=".COM;.EXE;.BAT;.CMD;.VBS;.VBE;.JS;.JSE;.WSF;.WSH;.MSC"/>
    <property name="java.awt.printerjob" value="sun.awt.windows.WPrinterJob"/>
    <property name="maven3.interceptor.common" value="C:\Users\Bestha Srihari\.jenkins\plugins\maven-plugin\WEB-INF\lib\maven3-interceptor-commons-1.13.jar"/>
    <property name="CLASSPATH" value=""/>
    <property name="jansi.mode" value="strip"/>
    <property name="HOMEPATH" value="\Users\Bestha Srihari"/>
    <property name="os.name" value="Windows 10"/>
    <property name="java.specification.vendor" value="Oracle Corporation"/>
    <property name="java.vm.name" value="Java HotSpot(TM) Client VM"/>
    <property name="BUILD_NUMBER" value="6"/>
    <property name="maven3.interceptor" value="C:\Users\Bestha Srihari\.jenkins\plugins\maven-plugin\WEB-INF\lib\maven35-interceptor-1.13.jar"/>
    <property name="java.library.path" value="C:\Program Files (x86)\Common Files\Oracle\Java\javapath;C:\Windows\Sun\Java\bin;C:\Windows\system32;C:\Windows;C:\Users\Bestha Srihari\.jenkins\tools\hudson.tasks.Maven_MavenInstallation\mavenprojectmarch31/bin;C:\Program Files (x86)\Common Files\Oracle\Java\javapath;C:\ProgramData\Oracle\Java\javapath;C:\windows\system32;C:\windows;C:\windows\System32\Wbem;C:\windows\System32\WindowsPowerShell\v1.0\;C:\windows\System32\OpenSSH\;C:\Program Files (x86)\NVIDIA Corporation\PhysX\Common;C:\Program Files\NVIDIA Corporation\NVIDIA NvDLISR;C:\Windows\system32;C:\Windows;C:\Windows\System32\Wbem;C:\Windows\System32\WindowsPowerShell\v1.0\;C:\Windows\System32\OpenSSH\;C:\Program Files\nodejs\;C:\Users\Bestha Srihari\AppData\Local\Android\Sdk\platform-tools;C:\Users\Bestha Srihari\AppData\Local\Android\Sdk\tools;C:\Users\Bestha Srihari\AppData\Local\Android\Sdk\tools\bin;%JAVA_HOME%\bin;C:\Program Files\apache-maven-3.8.5\bin;C:\Users\Bestha Srihari\AppData\Local\Microsoft\WindowsApps;C:\Users\Bestha Srihari\AppData\Local\Programs\Microsoft VS Code\bin;C:\Users\Bestha Srihari\AppData\Roaming\npm;C:\Users\Bestha Srihari\AppData\Local\Android\Sdk\platform-tools;C:\Users\Bestha Srihari\AppData\Local\GitHubDesktop\bin;C:\Users\Bestha Srihari\AppData\Local\Programs\Git\cmd;."/>
    <property name="HOMEDRIVE" value="C:"/>
    <property name="POM_GROUPID" value="com.jquery"/>
    <property name="POM_ARTIFACTID" value="com.jquery.project"/>
    <property name="java.class.version" value="52.0"/>
    <property name="JOB_URL" value="http://localhost:9191/job/dropdown/"/>
    <property name="platformcode" value="KV"/>
    <property name="OneDrive" value="C:\Users\Bestha Srihari\OneDrive"/>
    <property name="RUN_DISPLAY_URL" value="http://localhost:9191/job/dropdown/6/display/redirect"/>
    <property name="VBOX_MSI_INSTALL_PATH" value="C:\Program Files\Oracle\VirtualBox\"/>
    <property name="JENKINS_HOME" value="C:\Users\Bestha Srihari\.jenkins"/>
    <property name="BUILD_ID" value="6"/>
    <property name="TEMP" value="C:\Users\BESTHA~1\AppData\Local\Temp"/>
    <property name="sun.boot.library.path" value="C:\Program Files (x86)\Java\jre1.8.0_321\bin"/>
    <property name="sun.management.compiler" value="HotSpot Client Compiler"/>
    <property name="java.awt.graphicsenv" value="sun.awt.Win32GraphicsEnvironment"/>
    <property name="user.variant" value=""/>
    <property name="PROCESSOR_REVISION" value="9e0a"/>
    <property name="POM_VERSION" value="0.0.1-SNAPSHOT"/>
    <property name="HUDSON_HOME" value="C:\Users\Bestha Srihari\.jenkins"/>
    <property name="ProgramFiles(x86)" value="C:\Program Files (x86)"/>
    <property name="PATH+MAVEN" value="C:\Users\Bestha Srihari\.jenkins\tools\hudson.tasks.Maven_MavenInstallation\mavenprojectmarch31/bin"/>
    <property name="USERDOMAIN_ROAMINGPROFILE" value="LAPTOP-KJKD9H95"/>
    <property name="RUN_ARTIFACTS_DISPLAY_URL" value="http://localhost:9191/job/dropdown/6/display/redirect?page=artifacts"/>
    <property name="PROMPT" value="$P$G"/>
    <property name="java.vm.specification.version" value="1.8"/>
    <property name="JAVA_HOME" value="C:\Program Files (x86)\Java\jre1.8.0_321"/>
    <property name="awt.toolkit" value="sun.awt.windows.WToolkit"/>
    <property name="NODE_LABELS" value="built-in"/>
    <property name="sun.cpu.isalist" value="pentium_pro+mmx pentium_pro pentium+mmx pentium i486 i386 i86"/>
    <property name="USERPROFILE" value="C:\Users\Bestha Srihari"/>
    <property name="JOB_DISPLAY_URL" value="http://localhost:9191/job/dropdown/display/redirect"/>
    <property name="java.ext.dirs" value="C:\Program Files (x86)\Java\jre1.8.0_321\lib\ext;C:\Windows\Sun\Java\lib\ext"/>
    <property name="os.version" value="10.0"/>
    <property name="user.home" value="C:\Users\Bestha Srihari"/>
    <property name="USERNAME" value="Bestha Srihari"/>
    <property name="java.vm.vendor" value="Oracle Corporation"/>
    <property name="PROCESSOR_LEVEL" value="6"/>
    <property name="CommonProgramW6432" value="C:\Program Files\Common Files"/>
    <property name="user.dir" value="C:\Users\Bestha Srihari\eclipse-workspace\com.jquery.project"/>
    <property name="maven.conf" value="C:\Users\Bestha Srihari\.jenkins\tools\hudson.tasks.Maven_MavenInstallation\mavenprojectmarch31\conf"/>
    <property name="ProgramW6432" value="C:\Program Files"/>
    <property name="TMP" value="C:\Users\BESTHA~1\AppData\Local\Temp"/>
    <property name="sun.cpu.endian" value="little"/>
    <property name="SystemDrive" value="C:"/>
    <property name="java.vm.version" value="25.321-b07"/>
    <property name="java.class.path" value="C:\Users\Bestha Srihari\.jenkins\plugins\maven-plugin\WEB-INF\lib\maven35-agent-1.13.jar;C:\Users\Bestha Srihari\.jenkins\tools\hudson.tasks.Maven_MavenInstallation\mavenprojectmarch31\boot\plexus-classworlds-2.6.0.jar;C:\Users\Bestha Srihari\.jenkins\tools\hudson.tasks.Maven_MavenInstallation\mavenprojectmarch31/conf/logging"/>
    <property name="org.slf4j.simpleLogger.defaultLogLevel" value="info"/>
    <property name="os.arch" value="x86"/>
    <property name="RegionCode" value="APJ"/>
    <property name="WORKSPACE" value="C:\Users\Bestha Srihari\eclipse-workspace\com.jquery.project"/>
    <property name="ComSpec" value="C:\Windows\system32\cmd.exe"/>
    <property name="RUN_TESTS_DISPLAY_URL" value="http://localhost:9191/job/dropdown/6/display/redirect?page=tests"/>
    <property name="sun.java.launcher" value="SUN_STANDARD"/>
    <property name="FPS_BROWSER_APP_PROFILE_STRING" value="Internet Explorer"/>
    <property name="SystemRoot" value="C:\Windows"/>
    <property name="CommonProgramFiles" value="C:\Program Files (x86)\Common Files"/>
    <property name="java.vm.specification.vendor" value="Oracle Corporation"/>
    <property name="FPS_BROWSER_USER_PROFILE_STRING" value="Default"/>
    <property name="file.separator" value="\"/>
    <property name="java.runtime.version" value="1.8.0_321-b07"/>
    <property name="ProgramFiles" value="C:\Program Files (x86)"/>
    <property name="sun.boot.class.path" value="C:\Program Files (x86)\Java\jre1.8.0_321\lib\resources.jar;C:\Program Files (x86)\Java\jre1.8.0_321\lib\rt.jar;C:\Program Files (x86)\Java\jre1.8.0_321\lib\sunrsasign.jar;C:\Program Files (x86)\Java\jre1.8.0_321\lib\jsse.jar;C:\Program Files (x86)\Java\jre1.8.0_321\lib\jce.jar;C:\Program Files (x86)\Java\jre1.8.0_321\lib\charsets.jar;C:\Program Files (x86)\Java\jre1.8.0_321\lib\jfr.jar;C:\Program Files (x86)\Java\jre1.8.0_321\classes"/>
    <property name="OnlineServices" value="Online Services"/>
    <property name="user.country" value="IN"/>
    <property name="POM_PACKAGING" value="jar"/>
    <property name="maven.home" value="C:\Users\Bestha Srihari\.jenkins\tools\hudson.tasks.Maven_MavenInstallation\mavenprojectmarch31"/>
    <property name="JOB_BASE_NAME" value="dropdown"/>
    <property name="java.vendor" value="Oracle Corporation"/>
    <property name="java.specification.version" value="1.8"/>
    <property name="POM_DISPLAYNAME" value="JquarySampleDropDownProject"/>
    <property name="sun.arch.data.model" value="32"/>
  </properties>
  <testcase name="dragdropTest1" classname="com.jquery.project.DragDown" time="7.083"/>
</testsuite>