<?xml version="1.0" encoding="UTF-8"?>
<!-- Generated by org.testng.reporters.JUnitReportReporter -->
<testsuite hostname="LAPTOP-KJKD9H95" failures="0" tests="1" name="com.jquery.project.DragDown" time="12.342" errors="0" timestamp="2022-03-31T10:19:57 IST" skipped="0">
  <testcase classname="com.jquery.project.DragDown" name="dragdropTest1" time="12.342"/>
  <system-out/>
</testsuite> <!-- com.jquery.project.DragDown -->
