<?xml version="1.0" encoding="UTF-8"?>
<!-- Generated by org.testng.reporters.JUnitReportReporter -->
<testsuite skipped="0" hostname="LAPTOP-KJKD9H95" name="com.jquery.project.DragDown" tests="1" failures="0" timestamp="2022-03-31T13:48:28 IST" time="7.081" errors="0">
  <testcase name="dragdropTest1" time="7.081" classname="com.jquery.project.DragDown"/>
  <system-out/>
</testsuite> <!-- com.jquery.project.DragDown -->
